<?xml version="1.0" encoding="UTF-8"?>
<!-- Generated by org.testng.reporters.JUnitReportReporter -->
<testsuite hostname="DESKTOP-EVK9GMC" failures="0" tests="1" name="scripts.AddingCoursetocart" time="39.096" errors="0" timestamp="2021-03-28T08:46:37 IST" skipped="0">
  <testcase classname="scripts.AddingCoursetocart" name="addingTocart" time="39.096"/>
</testsuite> <!-- scripts.AddingCoursetocart -->
