<?xml version="1.0" encoding="UTF-8"?>
<!-- Generated by org.testng.reporters.JUnitReportReporter -->
<testsuite hostname="DESKTOP-EVK9GMC" failures="0" tests="1" name="scripts.TakeingCouse" time="46.526" errors="0" timestamp="2021-03-28T08:46:37 IST" skipped="0">
  <testcase classname="scripts.TakeingCouse" name="takecourses" time="46.526"/>
</testsuite> <!-- scripts.TakeingCouse -->
