<?xml version="1.0" encoding="UTF-8"?>
<!-- Generated by org.testng.reporters.JUnitReportReporter -->
<testsuite hostname="DESKTOP-EVK9GMC" failures="0" tests="1" name="scripts.FaceBooklike" time="38.779" errors="0" timestamp="2021-03-28T08:46:37 IST" skipped="0">
  <testcase classname="scripts.FaceBooklike" name="facebooklikebtn" time="38.779"/>
</testsuite> <!-- scripts.FaceBooklike -->
